<?xml version="1.0" encoding="UTF-8"?>
<!-- Generated by org.testng.reporters.JUnitReportReporter -->
<testsuite hostname="LAPTOP-VI9AEGMN" failures="0" tests="8" name="assignment.qa.testcases.HomePageTest" time="39.521" errors="0" timestamp="2024-11-29T14:18:23 IST" skipped="0">
  <testcase classname="assignment.qa.testcases.HomePageTest" name="submitButtonEnabled" time="7.803"/>
  <system-out/>
  <testcase classname="assignment.qa.testcases.HomePageTest" name="verifyUrlDataPassed" time="5.616"/>
  <system-out/>
  <testcase classname="assignment.qa.testcases.HomePageTest" name="verifyDropdownXpath1" time="3.635"/>
  <system-out/>
  <testcase classname="assignment.qa.testcases.HomePageTest" name="submitButtonDisabledName" time="3.266"/>
  <system-out/>
  <testcase classname="assignment.qa.testcases.HomePageTest" name="verifyReadonlyState" time="5.464"/>
  <system-out/>
  <testcase classname="assignment.qa.testcases.HomePageTest" name="verifyTextInputElementXpath" time="3.648"/>
  <system-out/>
  <testcase classname="assignment.qa.testcases.HomePageTest" name="verifyTextAfterSubmit" time="6.542"/>
  <system-out/>
  <testcase classname="assignment.qa.testcases.HomePageTest" name="verifyDropdownXpath2" time="3.547"/>
  <system-out/>
</testsuite> <!-- assignment.qa.testcases.HomePageTest -->
